=== RUN   TestCrawler
cr.db.indexing.queue
Exchange Crawler Ok
Exchange General Ok
Crawler established TCP Connection with RabbitMQ
2026/06/20 14:17:21 INFO: Client connected to Web Driver Server
Start Crawling https://zenread.pro/
DISALLOWED PATHS: [/es/ /ko/ /tr/ /th/ /it/ /uk/ /sk/ /fr/ /de/ /zh/ /ja/ /ru/ /ar/ /pt/ /hi/ /zh/ /zh-tw/ /zh-c/ /zh-cn/ /pt-br/ /uz/]
1 Crawlers Created
Listening to dequeued url
Existing # of nodes in queue: 0
No Links to continue
Boot Strapping current url
DEQUEUE DATA: {RemainingInQueue:1 Url:https://zenread.pro/}
TEST CRAWLER: PROCESSING DEQUEUED URL: https://zenread.pro/
NOTIF: `https://zenread.pro/` has popped from queue.
NOTIF: Page set to visited.
NOTIF: Link Count in current url: 17
Enqueuing URL {Root:zenread.pro Nodes:[https://zenread.pro/ https://zenread.pro/ https://zenread.pro/ https://zenread.pro/ https://zenread.pro/ https://zenread.pro/blog/ https://zenread.pro/ https://zenread.pro/ https://zenread.pro/ https://zenread.pro/ https://zenread.pro/ https://zenread.pro/ https://zenread.pro/ https://zenread.pro/blog/ https://zenread.pro/changelog.html https://zenread.pro/privacy.html https://zenread.pro/terms.html]}
Successfully Enqueued Urls
NOTIF: Waiting for page indexer
CRAWLER TEST: received dequeued URL
Interesting: {RemainingInQueue:5 Url:https://zenread.pro/}
INDEXED WEBPAGE HEADER: {Title:ZenRead — A calm reading journal URL:https://zenread.pro/}
NOTIF: page https://zenread.pro/ indexed
NOTIF: storing indexed page
Crawler returned with no errors from navigating https://zenread.pro/
Finished Crawling
AM I SENDING ANYTHING
No error from messge broker
Received dequeued url
DEQUEUE DATA: {RemainingInQueue:5 Url:https://zenread.pro/}
TEST CRAWLER: PROCESSING DEQUEUED URL: https://zenread.pro/
NOTIF: `https://zenread.pro/` has popped from queue.
Waiting for go routines to finish processing urls
NOTIF: Page set to visited.
NOTIF: Link Count in current url: 17
Enqueuing URL {Root:zenread.pro Nodes:[https://zenread.pro/ https://zenread.pro/ https://zenread.pro/ https://zenread.pro/ https://zenread.pro/ https://zenread.pro/blog/ https://zenread.pro/ https://zenread.pro/ https://zenread.pro/ https://zenread.pro/ https://zenread.pro/ https://zenread.pro/ https://zenread.pro/ https://zenread.pro/blog/ https://zenread.pro/changelog.html https://zenread.pro/privacy.html https://zenread.pro/terms.html]}
Successfully Enqueued Urls
NOTIF: Waiting for page indexer
CRAWLER TEST: received dequeued URL
Interesting: {RemainingInQueue:4 Url:https://zenread.pro/blog/}
Received dequeued url
DEQUEUE DATA: {RemainingInQueue:4 Url:https://zenread.pro/blog/}
TEST CRAWLER: PROCESSING DEQUEUED URL: https://zenread.pro/blog/
NOTIF: `https://zenread.pro/blog/` has popped from queue.
INDEXED WEBPAGE HEADER: {Title:The ZenRead Blog — reading journals, quotes & remembering what you read URL:https://zenread.pro/}
NOTIF: page https://zenread.pro/ indexed
NOTIF: storing indexed page
Crawler returned with no errors from navigating https://zenread.pro/
Finished Crawling
WILL BE INDEXING
AM I SENDING ANYTHING
No error from messge broker
Sent Indexed webpage to database service.
NOTIF: Page set to visited.
NOTIF: Link Count in current url: 8
Enqueuing URL {Root:zenread.pro Nodes:[https://zenread.pro/ https://zenread.pro/ https://zenread.pro/blog/how-to-keep-a-reading-journal.html https://zenread.pro/blog/what-is-a-commonplace-book.html https://zenread.pro/blog/how-to-remember-what-you-read.html https://zenread.pro/blog/zenread-vs-goodreads-vs-storygraph.html https://zenread.pro/blog/best-reading-journal-apps-android.html https://zenread.pro/]}
Successfully Enqueued Urls
NOTIF: Waiting for page indexer
CRAWLER TEST: received dequeued URL
Interesting: {RemainingInQueue:8 Url:https://zenread.pro/changelog.html}
Received dequeued url
DEQUEUE DATA: {RemainingInQueue:8 Url:https://zenread.pro/changelog.html}
TEST CRAWLER: PROCESSING DEQUEUED URL: https://zenread.pro/changelog.html
NOTIF: `https://zenread.pro/changelog.html` has popped from queue.
INDEXED WEBPAGE HEADER: {Title:Changelog — ZenRead URL:https://zenread.pro/blog/}
NOTIF: page https://zenread.pro/blog/ indexed
NOTIF: storing indexed page
Crawler returned with no errors from navigating https://zenread.pro/
Finished Crawling
WILL BE INDEXING
AM I SENDING ANYTHING
No error from messge broker
Sent Indexed webpage to database service.
NOTIF: Page set to visited.
NOTIF: Link Count in current url: 6
Enqueuing URL {Root:zenread.pro Nodes:[https://zenread.pro/index.html https://zenread.pro/index.html https://zenread.pro/index.html https://zenread.pro/index.html https://zenread.pro/changelog.html https://zenread.pro/index.html]}
Successfully Enqueued Urls
NOTIF: Waiting for page indexer
CRAWLER TEST: received dequeued URL
Interesting: {RemainingInQueue:8 Url:https://zenread.pro/privacy.html}
Received dequeued url
DEQUEUE DATA: {RemainingInQueue:8 Url:https://zenread.pro/privacy.html}
TEST CRAWLER: PROCESSING DEQUEUED URL: https://zenread.pro/privacy.html
NOTIF: `https://zenread.pro/privacy.html` has popped from queue.
INDEXED WEBPAGE HEADER: {Title:Privacy Policy — ZenRead URL:https://zenread.pro/changelog.html}
NOTIF: page https://zenread.pro/changelog.html indexed
NOTIF: storing indexed page
Crawler returned with no errors from navigating https://zenread.pro/
Finished Crawling
WILL BE INDEXING
AM I SENDING ANYTHING
No error from messge broker
Sent Indexed webpage to database service.
NOTIF: Page set to visited.
NOTIF: Link Count in current url: 3
Enqueuing URL {Root:zenread.pro Nodes:[https://zenread.pro/ https://zenread.pro/ https://zenread.pro/]}
Successfully Enqueued Urls
NOTIF: Waiting for page indexer
CRAWLER TEST: received dequeued URL
Interesting: {RemainingInQueue:7 Url:https://zenread.pro/terms.html}
Received dequeued url
DEQUEUE DATA: {RemainingInQueue:7 Url:https://zenread.pro/terms.html}
TEST CRAWLER: PROCESSING DEQUEUED URL: https://zenread.pro/terms.html
NOTIF: `https://zenread.pro/terms.html` has popped from queue.
INDEXED WEBPAGE HEADER: {Title:Terms of Service — ZenRead URL:https://zenread.pro/privacy.html}
NOTIF: page https://zenread.pro/privacy.html indexed
NOTIF: storing indexed page
Crawler returned with no errors from navigating https://zenread.pro/
Finished Crawling
WILL BE INDEXING
AM I SENDING ANYTHING
No error from messge broker
Sent Indexed webpage to database service.
NOTIF: Page set to visited.
NOTIF: Link Count in current url: 3
Enqueuing URL {Root:zenread.pro Nodes:[https://zenread.pro/ https://zenread.pro/ https://zenread.pro/]}
Successfully Enqueued Urls
NOTIF: Waiting for page indexer
CRAWLER TEST: received dequeued URL
Interesting: {RemainingInQueue:6 Url:https://zenread.pro/blog/how-to-keep-a-reading-journal.html}
Received dequeued url
DEQUEUE DATA: {RemainingInQueue:6 Url:https://zenread.pro/blog/how-to-keep-a-reading-journal.html}
TEST CRAWLER: PROCESSING DEQUEUED URL: https://zenread.pro/blog/how-to-keep-a-reading-journal.html
NOTIF: `https://zenread.pro/blog/how-to-keep-a-reading-journal.html` has popped from queue.
INDEXED WEBPAGE HEADER: {Title:How to Keep a Reading Journal (and Actually Stick With It) — ZenRead URL:https://zenread.pro/terms.html}
NOTIF: page https://zenread.pro/terms.html indexed
NOTIF: storing indexed page
Crawler returned with no errors from navigating https://zenread.pro/
Finished Crawling
WILL BE INDEXING
AM I SENDING ANYTHING
No error from messge broker
Sent Indexed webpage to database service.
NOTIF: Page set to visited.
NOTIF: Link Count in current url: 5
Enqueuing URL {Root:zenread.pro Nodes:[https://zenread.pro/ https://zenread.pro/blog/ https://zenread.pro/blog/what-is-a-commonplace-book.html https://zenread.pro/blog/how-to-remember-what-you-read.html https://zenread.pro/]}
Successfully Enqueued Urls
NOTIF: Waiting for page indexer
CRAWLER TEST: received dequeued URL
Interesting: {RemainingInQueue:5 Url:https://zenread.pro/blog/what-is-a-commonplace-book.html}
Received dequeued url
DEQUEUE DATA: {RemainingInQueue:5 Url:https://zenread.pro/blog/what-is-a-commonplace-book.html}
TEST CRAWLER: PROCESSING DEQUEUED URL: https://zenread.pro/blog/what-is-a-commonplace-book.html
NOTIF: `https://zenread.pro/blog/what-is-a-commonplace-book.html` has popped from queue.
INDEXED WEBPAGE HEADER: {Title:What Is a Commonplace Book — and How to Start One — ZenRead URL:https://zenread.pro/blog/how-to-keep-a-reading-journal.html}
NOTIF: page https://zenread.pro/blog/how-to-keep-a-reading-journal.html indexed
NOTIF: storing indexed page
Crawler returned with no errors from navigating https://zenread.pro/
Finished Crawling
WILL BE INDEXING
AM I SENDING ANYTHING
No error from messge broker
Sent Indexed webpage to database service.
NOTIF: Page set to visited.
NOTIF: Link Count in current url: 5
Enqueuing URL {Root:zenread.pro Nodes:[https://zenread.pro/ https://zenread.pro/blog/ https://zenread.pro/blog/how-to-keep-a-reading-journal.html https://zenread.pro/blog/how-to-remember-what-you-read.html https://zenread.pro/]}
Successfully Enqueued Urls
NOTIF: Waiting for page indexer
CRAWLER TEST: received dequeued URL
Interesting: {RemainingInQueue:4 Url:https://zenread.pro/blog/how-to-remember-what-you-read.html}
Received dequeued url
DEQUEUE DATA: {RemainingInQueue:4 Url:https://zenread.pro/blog/how-to-remember-what-you-read.html}
TEST CRAWLER: PROCESSING DEQUEUED URL: https://zenread.pro/blog/how-to-remember-what-you-read.html
NOTIF: `https://zenread.pro/blog/how-to-remember-what-you-read.html` has popped from queue.
INDEXED WEBPAGE HEADER: {Title:How to Remember More of What You Read — ZenRead URL:https://zenread.pro/blog/what-is-a-commonplace-book.html}
NOTIF: page https://zenread.pro/blog/what-is-a-commonplace-book.html indexed
NOTIF: storing indexed page
Crawler returned with no errors from navigating https://zenread.pro/
Finished Crawling
WILL BE INDEXING
AM I SENDING ANYTHING
No error from messge broker
Sent Indexed webpage to database service.
NOTIF: Page set to visited.
NOTIF: Link Count in current url: 5
Enqueuing URL {Root:zenread.pro Nodes:[https://zenread.pro/ https://zenread.pro/blog/ https://zenread.pro/blog/how-to-keep-a-reading-journal.html https://zenread.pro/blog/what-is-a-commonplace-book.html https://zenread.pro/]}
Successfully Enqueued Urls
NOTIF: Waiting for page indexer
CRAWLER TEST: received dequeued URL
Interesting: {RemainingInQueue:3 Url:https://zenread.pro/blog/zenread-vs-goodreads-vs-storygraph.html}
Received dequeued url
DEQUEUE DATA: {RemainingInQueue:3 Url:https://zenread.pro/blog/zenread-vs-goodreads-vs-storygraph.html}
TEST CRAWLER: PROCESSING DEQUEUED URL: https://zenread.pro/blog/zenread-vs-goodreads-vs-storygraph.html
NOTIF: `https://zenread.pro/blog/zenread-vs-goodreads-vs-storygraph.html` has popped from queue.
INDEXED WEBPAGE HEADER: {Title:ZenRead vs Goodreads vs StoryGraph: Which Reading App Fits You? — ZenRead URL:https://zenread.pro/blog/how-to-remember-what-you-read.html}
NOTIF: page https://zenread.pro/blog/how-to-remember-what-you-read.html indexed
NOTIF: storing indexed page
Crawler returned with no errors from navigating https://zenread.pro/
Finished Crawling
WILL BE INDEXING
AM I SENDING ANYTHING
No error from messge broker
Sent Indexed webpage to database service.
NOTIF: Page set to visited.
NOTIF: Link Count in current url: 5
Enqueuing URL {Root:zenread.pro Nodes:[https://zenread.pro/ https://zenread.pro/blog/ https://zenread.pro/blog/best-reading-journal-apps-android.html https://zenread.pro/blog/how-to-keep-a-reading-journal.html https://zenread.pro/]}
Successfully Enqueued Urls
NOTIF: Waiting for page indexer
CRAWLER TEST: received dequeued URL
Interesting: {RemainingInQueue:2 Url:https://zenread.pro/blog/best-reading-journal-apps-android.html}
Received dequeued url
DEQUEUE DATA: {RemainingInQueue:2 Url:https://zenread.pro/blog/best-reading-journal-apps-android.html}
TEST CRAWLER: PROCESSING DEQUEUED URL: https://zenread.pro/blog/best-reading-journal-apps-android.html
NOTIF: `https://zenread.pro/blog/best-reading-journal-apps-android.html` has popped from queue.
INDEXED WEBPAGE HEADER: {Title:The Best Reading Journal Apps for Android (2026) — ZenRead URL:https://zenread.pro/blog/zenread-vs-goodreads-vs-storygraph.html}
NOTIF: page https://zenread.pro/blog/zenread-vs-goodreads-vs-storygraph.html indexed
NOTIF: storing indexed page
Crawler returned with no errors from navigating https://zenread.pro/
Finished Crawling
WILL BE INDEXING
AM I SENDING ANYTHING
No error from messge broker
Sent Indexed webpage to database service.
NOTIF: Page set to visited.
NOTIF: Link Count in current url: 5
Enqueuing URL {Root:zenread.pro Nodes:[https://zenread.pro/ https://zenread.pro/blog/ https://zenread.pro/blog/zenread-vs-goodreads-vs-storygraph.html https://zenread.pro/blog/how-to-remember-what-you-read.html https://zenread.pro/]}
Successfully Enqueued Urls
NOTIF: Waiting for page indexer
CRAWLER TEST: received dequeued URL
Interesting: {RemainingInQueue:1 Url:https://zenread.pro/index.html}
Received dequeued url
DEQUEUE DATA: {RemainingInQueue:1 Url:https://zenread.pro/index.html}
TEST CRAWLER: PROCESSING DEQUEUED URL: https://zenread.pro/index.html
NOTIF: `https://zenread.pro/index.html` has popped from queue.
INDEXED WEBPAGE HEADER: {Title:ZenRead — A calm reading journal URL:https://zenread.pro/blog/best-reading-journal-apps-android.html}
NOTIF: page https://zenread.pro/blog/best-reading-journal-apps-android.html indexed
NOTIF: storing indexed page
Crawler returned with no errors from navigating https://zenread.pro/
Finished Crawling
WILL BE INDEXING
AM I SENDING ANYTHING
No error from messge broker
Sent Indexed webpage to database service.
NOTIF: Page set to visited.
NOTIF: Link Count in current url: 17
Enqueuing URL {Root:zenread.pro Nodes:[https://zenread.pro/ https://zenread.pro/ https://zenread.pro/ https://zenread.pro/ https://zenread.pro/ https://zenread.pro/blog/ https://zenread.pro/ https://zenread.pro/ https://zenread.pro/ https://zenread.pro/ https://zenread.pro/ https://zenread.pro/ https://zenread.pro/ https://zenread.pro/blog/ https://zenread.pro/changelog.html https://zenread.pro/privacy.html https://zenread.pro/terms.html]}
Successfully Enqueued Urls
NOTIF: Waiting for page indexer
CRAWLER TEST: received dequeued URL
Interesting: {RemainingInQueue:0 Url:}
INDEXED WEBPAGE HEADER: {Title:ZenRead — A calm reading journal URL:https://zenread.pro/index.html}
NOTIF: page https://zenread.pro/index.html indexed
NOTIF: storing indexed page
Crawler returned with no errors from navigating https://zenread.pro/
Finished Crawling
WILL BE INDEXING
AM I SENDING ANYTHING
No error from messge broker
Sent Indexed webpage to database service.
Released barrier
Returned DoneChann token
Thread Token release
{true Succesfully indexed and stored webpages https://zenread.pro/}
CRAWLER TEST: received dequeued URL
ERROR: unable to unmarshal dequeued url
unexpected end of JSON input
--- PASS: TestCrawler (72.41s)
PASS
ok  	crawler/internal/crawler	72.412s
